fix: edge case handling @ 2025-12-27T22:16:25+05:30
docs: update readme @ 2025-12-27T19:44:53+05:30
fix: edge case handling @ 2025-12-27T15:45:17+05:30
refactor: clean logic @ 2025-12-27T19:54:39+05:30
chore: maintenance update @ 2025-12-26T17:04:38+05:30
chore: maintenance update @ 2025-12-26T20:47:07+05:30
fix: edge case handling @ 2025-12-26T20:37:24+05:30
feat: improve performance @ 2025-12-26T10:21:20+05:30
feat: improve performance @ 2025-12-26T17:45:36+05:30
feat: improve performance @ 2025-12-25T15:02:24+05:30
fix: edge case handling @ 2025-12-25T17:49:57+05:30
feat: improve performance @ 2025-12-24T16:01:27+05:30
chore: maintenance update @ 2025-12-24T16:45:46+05:30
refactor: clean logic @ 2025-12-23T15:12:38+05:30
refactor: clean logic @ 2025-12-23T14:13:48+05:30
docs: update readme @ 2025-12-23T21:00:08+05:30
chore: maintenance update @ 2025-12-23T17:15:05+05:30
chore: maintenance update @ 2025-12-23T17:17:24+05:30
feat: improve performance @ 2025-12-22T20:54:09+05:30
fix: edge case handling @ 2025-12-22T20:30:07+05:30
chore: maintenance update @ 2025-12-22T16:29:59+05:30
docs: update readme @ 2025-12-22T20:06:06+05:30
docs: update readme @ 2025-12-21T16:22:57+05:30
chore: maintenance update @ 2025-12-21T10:52:32+05:30
feat: improve performance @ 2025-12-21T16:34:35+05:30
fix: edge case handling @ 2025-12-21T22:55:31+05:30
docs: update readme @ 2025-12-21T18:14:04+05:30
refactor: clean logic @ 2025-12-20T14:33:00+05:30
chore: maintenance update @ 2025-12-20T14:24:00+05:30
feat: improve performance @ 2025-12-20T21:20:55+05:30
docs: update readme @ 2025-12-20T17:09:55+05:30
feat: improve performance @ 2025-12-19T14:20:08+05:30
